SF:lib/app/data/models/pokemon/pokemon_model.dart
DA:8,1
DA:13,0
DA:14,0
DA:16,0
DA:17,0
DA:18,0
DA:24,0
DA:26,4
DA:28,0
DA:29,0
DA:30,0
DA:31,0
DA:32,0
LF:13
LH:2
end_of_record
SF:lib/app/data/models/pokemon/pokemon_model.g.dart
DA:9,0
DA:10,0
DA:11,0
DA:14,0
DA:15,0
DA:16,0
DA:17,0
LF:7
LH:0
end_of_record
SF:lib/app/presentation/pages/home/providers/home_notifier.dart
DA:18,0
DA:21,0
DA:25,0
DA:26,0
DA:27,0
DA:28,0
DA:31,0
DA:32,0
DA:33,0
DA:34,0
DA:35,0
DA:36,0
DA:38,0
LF:13
LH:0
end_of_record
SF:lib/app/presentation/pages/home/providers/home_notifier.g.dart
DA:9,0
DA:13,2
DA:14,1
LF:3
LH:2
end_of_record
SF:lib/app/presentation/pages/home/providers/state/home_state.dart
DA:5,2
DA:9,2
DA:13,1
DA:16,1
DA:17,0
DA:21,0
DA:22,0
LF:7
LH:4
end_of_record
SF:lib/app/domain/entities/pokemon/pokemon.dart
DA:4,1
DA:12,1
DA:13,3
LF:3
LH:3
end_of_record
SF:lib/app/domain/use_cases/get_pokemon.dart
DA:9,0
DA:13,0
DA:15,0
DA:20,0
LF:4
LH:0
end_of_record
SF:lib/core/error/failures.dart
DA:4,0
DA:8,0
DA:9,0
DA:14,0
DA:18,0
DA:22,0
DA:26,0
DA:30,0
DA:34,0
LF:9
LH:0
end_of_record
SF:lib/app/data/data_sources/local/user_local_data_source.dart
DA:24,0
DA:32,0
DA:43,0
DA:45,0
DA:48,0
DA:50,0
DA:51,0
DA:52,0
DA:54,0
DA:56,0
DA:58,0
DA:62,0
DA:64,0
DA:66,0
DA:70,0
DA:77,0
DA:79,0
DA:80,0
LF:18
LH:0
end_of_record
SF:lib/app/data/models/user/user_model.dart
DA:3,0
DA:4,0
DA:6,0
DA:9,0
DA:11,0
DA:12,0
DA:15,0
LF:7
LH:0
end_of_record
SF:lib/core/error/exceptions.dart
DA:8,0
LF:1
LH:0
end_of_record
SF:lib/app/data/data_sources/remote/pokemon_remote_data_source.dart
DA:6,0
DA:16,0
DA:18,0
DA:24,0
DA:25,0
DA:28,0
DA:29,0
DA:30,0
DA:31,0
LF:9
LH:0
end_of_record
SF:lib/app/data/imp_repositories/pokemon_repo_imp.dart
DA:11,0
DA:22,0
DA:26,0
DA:27,0
DA:28,0
DA:29,0
DA:30,0
DA:31,0
DA:33,0
DA:35,0
DA:38,0
LF:11
LH:0
end_of_record
SF:lib/core/network/network_info.dart
DA:8,0
DA:12,0
DA:13,0
LF:3
LH:0
end_of_record
SF:lib/app/data/providers/pokemon_remote_data_source_provider.dart
DA:5,0
DA:6,0
DA:7,0
LF:3
LH:0
end_of_record
SF:lib/app/data/providers/pokemon_repository_provider.dart
DA:9,0
DA:10,0
DA:11,0
DA:12,0
DA:13,0
DA:15,0
DA:16,0
LF:7
LH:0
end_of_record
SF:lib/app/data/providers/user_local_data_source_provider.dart
DA:5,0
DA:6,0
DA:7,0
DA:8,0
LF:4
LH:0
end_of_record
SF:lib/core/providers/dio_provider.dart
DA:4,0
DA:5,0
DA:7,0
DA:10,0
LF:4
LH:0
end_of_record
SF:lib/core/providers/network_provider.dart
DA:5,0
DA:6,0
DA:7,0
DA:11,0
DA:12,0
LF:5
LH:0
end_of_record
SF:lib/core/providers/storage_provider.dart
DA:5,0
DA:6,0
DA:9,0
LF:3
LH:0
end_of_record
